{"/Users/ravindu/development/singtel/card-flip-game/src/presentation/screens/game-play/view-model.ts": {"path":"/Users/ravindu/development/singtel/card-flip-game/src/presentation/screens/game-play/view-model.ts","statementMap":{"0":{"start":{"line":6,"column":21},"end":{"line":6,"column":37}},"1":{"start":{"line":7,"column":28},"end":{"line":7,"column":48}},"2":{"start":{"line":8,"column":28},"end":{"line":8,"column":47}},"3":{"start":{"line":9,"column":42},"end":{"line":9,"column":69}},"4":{"start":{"line":10,"column":42},"end":{"line":10,"column":69}},"5":{"start":{"line":11,"column":34},"end":{"line":11,"column":58}},"6":{"start":{"line":12,"column":38},"end":{"line":12,"column":62}},"7":{"start":{"line":14,"column":18},"end":{"line":31,"column":3}},"8":{"start":{"line":15,"column":4},"end":{"line":15,"column":16}},"9":{"start":{"line":16,"column":4},"end":{"line":16,"column":26}},"10":{"start":{"line":17,"column":4},"end":{"line":17,"column":26}},"11":{"start":{"line":18,"column":4},"end":{"line":18,"column":23}},"12":{"start":{"line":19,"column":4},"end":{"line":19,"column":25}},"13":{"start":{"line":20,"column":4},"end":{"line":30,"column":12}},"14":{"start":{"line":21,"column":19},"end":{"line":27,"column":8}},"15":{"start":{"line":22,"column":8},"end":{"line":26,"column":18}},"16":{"start":{"line":28,"column":6},"end":{"line":28,"column":36}},"17":{"start":{"line":29,"column":6},"end":{"line":29,"column":23}},"18":{"start":{"line":33,"column":26},"end":{"line":35,"column":3}},"19":{"start":{"line":34,"column":4},"end":{"line":34,"column":39}},"20":{"start":{"line":34,"column":25},"end":{"line":34,"column":37}},"21":{"start":{"line":37,"column":26},"end":{"line":40,"column":3}},"22":{"start":{"line":38,"column":4},"end":{"line":38,"column":22}},"23":{"start":{"line":39,"column":4},"end":{"line":39,"column":65}},"24":{"start":{"line":42,"column":21},"end":{"line":44,"column":3}},"25":{"start":{"line":43,"column":4},"end":{"line":43,"column":74}},"26":{"start":{"line":46,"column":2},"end":{"line":67,"column":35}},"27":{"start":{"line":47,"column":4},"end":{"line":66,"column":5}},"28":{"start":{"line":48,"column":6},"end":{"line":48,"column":24}},"29":{"start":{"line":49,"column":6},"end":{"line":65,"column":7}},"30":{"start":{"line":50,"column":8},"end":{"line":59,"column":11}},"31":{"start":{"line":51,"column":27},"end":{"line":57,"column":12}},"32":{"start":{"line":52,"column":12},"end":{"line":56,"column":13}},"33":{"start":{"line":53,"column":14},"end":{"line":53,"column":46}},"34":{"start":{"line":55,"column":14},"end":{"line":55,"column":26}},"35":{"start":{"line":58,"column":10},"end":{"line":58,"column":26}},"36":{"start":{"line":60,"column":8},"end":{"line":60,"column":25}},"37":{"start":{"line":62,"column":8},"end":{"line":64,"column":17}},"38":{"start":{"line":63,"column":10},"end":{"line":63,"column":27}},"39":{"start":{"line":69,"column":2},"end":{"line":80,"column":21}},"40":{"start":{"line":70,"column":4},"end":{"line":79,"column":5}},"41":{"start":{"line":73,"column":8},"end":{"line":73,"column":29}},"42":{"start":{"line":76,"column":6},"end":{"line":78,"column":14}},"43":{"start":{"line":77,"column":8},"end":{"line":77,"column":28}},"44":{"start":{"line":82,"column":25},"end":{"line":86,"column":3}},"45":{"start":{"line":83,"column":4},"end":{"line":83,"column":26}},"46":{"start":{"line":84,"column":4},"end":{"line":84,"column":26}},"47":{"start":{"line":85,"column":4},"end":{"line":85,"column":23}},"48":{"start":{"line":88,"column":2},"end":{"line":98,"column":4}}},"fnMap":{"0":{"name":"useGamePlayScreenViewModel","decl":{"start":{"line":5,"column":16},"end":{"line":5,"column":42}},"loc":{"start":{"line":5,"column":45},"end":{"line":99,"column":1}},"line":5},"1":{"name":"(anonymous_1)","decl":{"start":{"line":14,"column":18},"end":{"line":14,"column":19}},"loc":{"start":{"line":14,"column":24},"end":{"line":31,"column":3}},"line":14},"2":{"name":"(anonymous_2)","decl":{"start":{"line":20,"column":15},"end":{"line":20,"column":16}},"loc":{"start":{"line":20,"column":21},"end":{"line":30,"column":5}},"line":20},"3":{"name":"(anonymous_3)","decl":{"start":{"line":21,"column":54},"end":{"line":21,"column":55}},"loc":{"start":{"line":21,"column":73},"end":{"line":27,"column":7}},"line":21},"4":{"name":"(anonymous_4)","decl":{"start":{"line":33,"column":26},"end":{"line":33,"column":27}},"loc":{"start":{"line":33,"column":32},"end":{"line":35,"column":3}},"line":33},"5":{"name":"(anonymous_5)","decl":{"start":{"line":34,"column":13},"end":{"line":34,"column":14}},"loc":{"start":{"line":34,"column":25},"end":{"line":34,"column":37}},"line":34},"6":{"name":"(anonymous_6)","decl":{"start":{"line":37,"column":26},"end":{"line":37,"column":27}},"loc":{"start":{"line":37,"column":42},"end":{"line":40,"column":3}},"line":37},"7":{"name":"(anonymous_7)","decl":{"start":{"line":42,"column":21},"end":{"line":42,"column":22}},"loc":{"start":{"line":42,"column":37},"end":{"line":44,"column":3}},"line":42},"8":{"name":"(anonymous_8)","decl":{"start":{"line":46,"column":12},"end":{"line":46,"column":13}},"loc":{"start":{"line":46,"column":18},"end":{"line":67,"column":3}},"line":46},"9":{"name":"(anonymous_9)","decl":{"start":{"line":50,"column":17},"end":{"line":50,"column":18}},"loc":{"start":{"line":50,"column":29},"end":{"line":59,"column":9}},"line":50},"10":{"name":"(anonymous_10)","decl":{"start":{"line":51,"column":40},"end":{"line":51,"column":41}},"loc":{"start":{"line":51,"column":48},"end":{"line":57,"column":11}},"line":51},"11":{"name":"(anonymous_11)","decl":{"start":{"line":62,"column":19},"end":{"line":62,"column":20}},"loc":{"start":{"line":62,"column":25},"end":{"line":64,"column":9}},"line":62},"12":{"name":"(anonymous_12)","decl":{"start":{"line":69,"column":12},"end":{"line":69,"column":13}},"loc":{"start":{"line":69,"column":18},"end":{"line":80,"column":3}},"line":69},"13":{"name":"(anonymous_13)","decl":{"start":{"line":72,"column":19},"end":{"line":72,"column":20}},"loc":{"start":{"line":72,"column":27},"end":{"line":74,"column":7}},"line":72},"14":{"name":"(anonymous_14)","decl":{"start":{"line":76,"column":17},"end":{"line":76,"column":18}},"loc":{"start":{"line":76,"column":23},"end":{"line":78,"column":7}},"line":76},"15":{"name":"(anonymous_15)","decl":{"start":{"line":82,"column":25},"end":{"line":82,"column":26}},"loc":{"start":{"line":82,"column":31},"end":{"line":86,"column":3}},"line":82}},"branchMap":{"0":{"loc":{"start":{"line":39,"column":4},"end":{"line":39,"column":64}},"type":"cond-expr","locations":[{"start":{"line":39,"column":19},"end":{"line":39,"column":40}},{"start":{"line":39,"column":43},"end":{"line":39,"column":64}}],"line":39},"1":{"loc":{"start":{"line":43,"column":11},"end":{"line":43,"column":73}},"type":"binary-expr","locations":[{"start":{"line":43,"column":11},"end":{"line":43,"column":32}},{"start":{"line":43,"column":36},"end":{"line":43,"column":57}},{"start":{"line":43,"column":61},"end":{"line":43,"column":73}}],"line":43},"2":{"loc":{"start":{"line":47,"column":4},"end":{"line":66,"column":5}},"type":"if","locations":[{"start":{"line":47,"column":4},"end":{"line":66,"column":5}},{"start":{},"end":{}}],"line":47},"3":{"loc":{"start":{"line":47,"column":8},"end":{"line":47,"column":36}},"type":"binary-expr","locations":[{"start":{"line":47,"column":8},"end":{"line":47,"column":20}},{"start":{"line":47,"column":24},"end":{"line":47,"column":36}}],"line":47},"4":{"loc":{"start":{"line":49,"column":6},"end":{"line":65,"column":7}},"type":"if","locations":[{"start":{"line":49,"column":6},"end":{"line":65,"column":7}},{"start":{"line":61,"column":13},"end":{"line":65,"column":7}}],"line":49},"5":{"loc":{"start":{"line":52,"column":12},"end":{"line":56,"column":13}},"type":"if","locations":[{"start":{"line":52,"column":12},"end":{"line":56,"column":13}},{"start":{"line":54,"column":19},"end":{"line":56,"column":13}}],"line":52},"6":{"loc":{"start":{"line":70,"column":4},"end":{"line":79,"column":5}},"type":"if","locations":[{"start":{"line":70,"column":4},"end":{"line":79,"column":5}},{"start":{},"end":{}}],"line":70},"7":{"loc":{"start":{"line":71,"column":6},"end":{"line":74,"column":21}},"type":"binary-expr","locations":[{"start":{"line":71,"column":6},"end":{"line":71,"column":15}},{"start":{"line":72,"column":6},"end":{"line":74,"column":21}}],"line":71}},"s":{"0":16,"1":16,"2":16,"3":16,"4":16,"5":16,"6":16,"7":16,"8":4,"9":4,"10":4,"11":4,"12":4,"13":4,"14":4,"15":48,"16":4,"17":4,"18":16,"19":3,"20":3,"21":16,"22":3,"23":3,"24":16,"25":2,"26":16,"27":11,"28":1,"29":1,"30":1,"31":1,"32":12,"33":2,"34":10,"35":1,"36":1,"37":0,"38":0,"39":16,"40":15,"41":48,"42":1,"43":1,"44":16,"45":1,"46":1,"47":1,"48":16},"f":{"0":16,"1":4,"2":4,"3":48,"4":3,"5":3,"6":3,"7":2,"8":11,"9":1,"10":12,"11":0,"12":15,"13":48,"14":1,"15":1},"b":{"0":[1,2],"1":[2,2,2],"2":[1,10],"3":[11,2],"4":[1,0],"5":[2,10],"6":[1,14],"7":[15,5]},"_coverageSchema":"1a1c01bbd47fc00a2c39e90264f33305004495a9","hash":"bbaa4b94523eadd631c9a1c07f76809faa6247ae"}
,"/Users/ravindu/development/singtel/card-flip-game/src/utils/index.ts": {"path":"/Users/ravindu/development/singtel/card-flip-game/src/utils/index.ts","statementMap":{"0":{"start":{"line":2,"column":26},"end":{"line":2,"column":28}},"1":{"start":{"line":3,"column":18},"end":{"line":3,"column":22}},"2":{"start":{"line":4,"column":2},"end":{"line":6,"column":3}},"3":{"start":{"line":5,"column":4},"end":{"line":5,"column":14}},"4":{"start":{"line":7,"column":2},"end":{"line":15,"column":3}},"5":{"start":{"line":8,"column":17},"end":{"line":8,"column":52}},"6":{"start":{"line":9,"column":4},"end":{"line":11,"column":5}},"7":{"start":{"line":10,"column":6},"end":{"line":10,"column":27}},"8":{"start":{"line":12,"column":4},"end":{"line":14,"column":5}},"9":{"start":{"line":13,"column":6},"end":{"line":13,"column":24}},"10":{"start":{"line":16,"column":2},"end":{"line":16,"column":17}},"11":{"start":{"line":20,"column":2},"end":{"line":20,"column":55}},"12":{"start":{"line":20,"column":34},"end":{"line":20,"column":53}}},"fnMap":{"0":{"name":"randomNumbers","decl":{"start":{"line":1,"column":16},"end":{"line":1,"column":29}},"loc":{"start":{"line":1,"column":56},"end":{"line":17,"column":1}},"line":1},"1":{"name":"shuffleArray","decl":{"start":{"line":19,"column":16},"end":{"line":19,"column":28}},"loc":{"start":{"line":19,"column":43},"end":{"line":21,"column":1}},"line":19},"2":{"name":"(anonymous_2)","decl":{"start":{"line":20,"column":28},"end":{"line":20,"column":29}},"loc":{"start":{"line":20,"column":34},"end":{"line":20,"column":53}},"line":20}},"branchMap":{"0":{"loc":{"start":{"line":4,"column":2},"end":{"line":6,"column":3}},"type":"if","locations":[{"start":{"line":4,"column":2},"end":{"line":6,"column":3}},{"start":{},"end":{}}],"line":4},"1":{"loc":{"start":{"line":9,"column":4},"end":{"line":11,"column":5}},"type":"if","locations":[{"start":{"line":9,"column":4},"end":{"line":11,"column":5}},{"start":{},"end":{}}],"line":9},"2":{"loc":{"start":{"line":12,"column":4},"end":{"line":14,"column":5}},"type":"if","locations":[{"start":{"line":12,"column":4},"end":{"line":14,"column":5}},{"start":{},"end":{}}],"line":12}},"s":{"0":19,"1":19,"2":19,"3":1,"4":18,"5":110,"6":110,"7":108,"8":110,"9":18,"10":18,"11":5,"12":117},"f":{"0":19,"1":5,"2":117},"b":{"0":[1,18],"1":[108,2],"2":[18,92]},"_coverageSchema":"1a1c01bbd47fc00a2c39e90264f33305004495a9","hash":"b4b480d535ee8c530ad55fe5ede93079724dd819"}
}
