TN:
SF:src/presentation/screens/game-play/view-model.ts
FN:5,useGamePlayScreenViewModel
FN:14,(anonymous_1)
FN:20,(anonymous_2)
FN:21,(anonymous_3)
FN:33,(anonymous_4)
FN:34,(anonymous_5)
FN:37,(anonymous_6)
FN:42,(anonymous_7)
FN:46,(anonymous_8)
FN:50,(anonymous_9)
FN:51,(anonymous_10)
FN:62,(anonymous_11)
FN:69,(anonymous_12)
FN:72,(anonymous_13)
FN:76,(anonymous_14)
FN:82,(anonymous_15)
FNF:16
FNH:15
FNDA:16,useGamePlayScreenViewModel
FNDA:4,(anonymous_1)
FNDA:4,(anonymous_2)
FNDA:48,(anonymous_3)
FNDA:3,(anonymous_4)
FNDA:3,(anonymous_5)
FNDA:3,(anonymous_6)
FNDA:2,(anonymous_7)
FNDA:11,(anonymous_8)
FNDA:1,(anonymous_9)
FNDA:12,(anonymous_10)
FNDA:0,(anonymous_11)
FNDA:15,(anonymous_12)
FNDA:48,(anonymous_13)
FNDA:1,(anonymous_14)
FNDA:1,(anonymous_15)
DA:6,16
DA:7,16
DA:8,16
DA:9,16
DA:10,16
DA:11,16
DA:12,16
DA:14,16
DA:15,4
DA:16,4
DA:17,4
DA:18,4
DA:19,4
DA:20,4
DA:21,4
DA:22,48
DA:28,4
DA:29,4
DA:33,16
DA:34,3
DA:37,16
DA:38,3
DA:39,3
DA:42,16
DA:43,2
DA:46,16
DA:47,11
DA:48,1
DA:49,1
DA:50,1
DA:51,1
DA:52,12
DA:53,2
DA:55,10
DA:58,1
DA:60,1
DA:62,0
DA:63,0
DA:69,16
DA:70,15
DA:73,48
DA:76,1
DA:77,1
DA:82,16
DA:83,1
DA:84,1
DA:85,1
DA:88,16
LF:48
LH:46
BRDA:39,0,0,1
BRDA:39,0,1,2
BRDA:43,1,0,2
BRDA:43,1,1,2
BRDA:43,1,2,2
BRDA:47,2,0,1
BRDA:47,2,1,10
BRDA:47,3,0,11
BRDA:47,3,1,2
BRDA:49,4,0,1
BRDA:49,4,1,0
BRDA:52,5,0,2
BRDA:52,5,1,10
BRDA:70,6,0,1
BRDA:70,6,1,14
BRDA:71,7,0,15
BRDA:71,7,1,5
BRF:17
BRH:16
end_of_record
TN:
SF:src/utils/index.ts
FN:1,randomNumbers
FN:19,shuffleArray
FN:20,(anonymous_2)
FNF:3
FNH:3
FNDA:19,randomNumbers
FNDA:5,shuffleArray
FNDA:117,(anonymous_2)
DA:2,19
DA:3,19
DA:4,19
DA:5,1
DA:7,18
DA:8,110
DA:9,110
DA:10,108
DA:12,110
DA:13,18
DA:16,18
DA:20,117
LF:12
LH:12
BRDA:4,0,0,1
BRDA:4,0,1,18
BRDA:9,1,0,108
BRDA:9,1,1,2
BRDA:12,2,0,18
BRDA:12,2,1,92
BRF:6
BRH:6
end_of_record
